<?xml version="1.0" encoding="UTF-8"?>
<testsuite xmlns:xsi="http://www.w3.org/2001/XMLSchema-instance" xsi:noNamespaceSchemaLocation="https://maven.apache.org/surefire/maven-surefire-plugin/xsd/surefire-test-report.xsd" name="com.neu.his.bms.AppTest" time="0.072" tests="1" errors="0" skipped="0" failures="0">
  <properties>
    <property name="gopherProxySet" value="false"/>
    <property name="awt.toolkit" value="sun.lwawt.macosx.LWCToolkit"/>
    <property name="socksProxyHost" value="127.0.0.1"/>
    <property name="http.proxyHost" value="127.0.0.1"/>
    <property name="java.specification.version" value="1.8"/>
    <property name="file.encoding.pkg" value="sun.io"/>
    <property name="sun.cpu.isalist" value=""/>
    <property name="sun.jnu.encoding" value="UTF-8"/>
    <property name="java.class.path" value="/Users/jiangshengping/wwwroot/rtzh/wwwroot/HIS/HIS-master/HIS-demo/target/test-classes:/Users/jiangshengping/wwwroot/rtzh/wwwroot/HIS/HIS-master/HIS-demo/target/classes:/Users/jiangshengping/wwwroot/rtzh/maven-repository/junit/junit/4.13.1/junit-4.13.1.jar:/Users/jiangshengping/wwwroot/rtzh/maven-repository/org/hamcrest/hamcrest-core/1.3/hamcrest-core-1.3.jar:/Users/jiangshengping/wwwroot/rtzh/maven-repository/org/springframework/boot/spring-boot-starter-web/2.1.3.RELEASE/spring-boot-starter-web-2.1.3.RELEASE.jar:/Users/jiangshengping/wwwroot/rtzh/maven-repository/org/springframework/boot/spring-boot-starter/2.1.3.RELEASE/spring-boot-starter-2.1.3.RELEASE.jar:/Users/jiangshengping/wwwroot/rtzh/maven-repository/org/springframework/boot/spring-boot-starter-logging/2.1.3.RELEASE/spring-boot-starter-logging-2.1.3.RELEASE.jar:/Users/jiangshengping/wwwroot/rtzh/maven-repository/ch/qos/logback/logback-classic/1.2.3/logback-classic-1.2.3.jar:/Users/jiangshengping/wwwroot/rtzh/maven-repository/ch/qos/logback/logback-core/1.2.3/logback-core-1.2.3.jar:/Users/jiangshengping/wwwroot/rtzh/maven-repository/org/apache/logging/log4j/log4j-to-slf4j/2.11.2/log4j-to-slf4j-2.11.2.jar:/Users/jiangshengping/wwwroot/rtzh/maven-repository/org/apache/logging/log4j/log4j-api/2.11.2/log4j-api-2.11.2.jar:/Users/jiangshengping/wwwroot/rtzh/maven-repository/org/slf4j/jul-to-slf4j/1.7.25/jul-to-slf4j-1.7.25.jar:/Users/jiangshengping/wwwroot/rtzh/maven-repository/javax/annotation/javax.annotation-api/1.3.2/javax.annotation-api-1.3.2.jar:/Users/jiangshengping/wwwroot/rtzh/maven-repository/org/yaml/snakeyaml/1.23/snakeyaml-1.23.jar:/Users/jiangshengping/wwwroot/rtzh/maven-repository/org/springframework/boot/spring-boot-starter-json/2.1.3.RELEASE/spring-boot-starter-json-2.1.3.RELEASE.jar:/Users/jiangshengping/wwwroot/rtzh/maven-repository/com/fasterxml/jackson/core/jackson-databind/2.9.8/jackson-databind-2.9.8.jar:/Users/jiangshengping/wwwroot/rtzh/maven-repository/com/fasterxml/jackson/core/jackson-annotations/2.9.0/jackson-annotations-2.9.0.jar:/Users/jiangshengping/wwwroot/rtzh/maven-repository/com/fasterxml/jackson/core/jackson-core/2.9.8/jackson-core-2.9.8.jar:/Users/jiangshengping/wwwroot/rtzh/maven-repository/com/fasterxml/jackson/datatype/jackson-datatype-jdk8/2.9.8/jackson-datatype-jdk8-2.9.8.jar:/Users/jiangshengping/wwwroot/rtzh/maven-repository/com/fasterxml/jackson/datatype/jackson-datatype-jsr310/2.9.8/jackson-datatype-jsr310-2.9.8.jar:/Users/jiangshengping/wwwroot/rtzh/maven-repository/com/fasterxml/jackson/module/jackson-module-parameter-names/2.9.8/jackson-module-parameter-names-2.9.8.jar:/Users/jiangshengping/wwwroot/rtzh/maven-repository/org/springframework/boot/spring-boot-starter-tomcat/2.1.3.RELEASE/spring-boot-starter-tomcat-2.1.3.RELEASE.jar:/Users/jiangshengping/wwwroot/rtzh/maven-repository/org/apache/tomcat/embed/tomcat-embed-core/9.0.16/tomcat-embed-core-9.0.16.jar:/Users/jiangshengping/wwwroot/rtzh/maven-repository/org/apache/tomcat/embed/tomcat-embed-el/9.0.16/tomcat-embed-el-9.0.16.jar:/Users/jiangshengping/wwwroot/rtzh/maven-repository/org/apache/tomcat/embed/tomcat-embed-websocket/9.0.16/tomcat-embed-websocket-9.0.16.jar:/Users/jiangshengping/wwwroot/rtzh/maven-repository/org/hibernate/validator/hibernate-validator/6.0.14.Final/hibernate-validator-6.0.14.Final.jar:/Users/jiangshengping/wwwroot/rtzh/maven-repository/javax/validation/validation-api/2.0.1.Final/validation-api-2.0.1.Final.jar:/Users/jiangshengping/wwwroot/rtzh/maven-repository/org/jboss/logging/jboss-logging/3.3.2.Final/jboss-logging-3.3.2.Final.jar:/Users/jiangshengping/wwwroot/rtzh/maven-repository/com/fasterxml/classmate/1.4.0/classmate-1.4.0.jar:/Users/jiangshengping/wwwroot/rtzh/maven-repository/org/springframework/spring-web/5.1.5.RELEASE/spring-web-5.1.5.RELEASE.jar:/Users/jiangshengping/wwwroot/rtzh/maven-repository/org/springframework/spring-beans/5.1.5.RELEASE/spring-beans-5.1.5.RELEASE.jar:/Users/jiangshengping/wwwroot/rtzh/maven-repository/org/springframework/spring-webmvc/5.1.5.RELEASE/spring-webmvc-5.1.5.RELEASE.jar:/Users/jiangshengping/wwwroot/rtzh/maven-repository/org/springframework/spring-context/5.1.5.RELEASE/spring-context-5.1.5.RELEASE.jar:/Users/jiangshengping/wwwroot/rtzh/maven-repository/org/springframework/spring-expression/5.1.5.RELEASE/spring-expression-5.1.5.RELEASE.jar:/Users/jiangshengping/wwwroot/rtzh/maven-repository/org/springframework/boot/spring-boot-starter-actuator/2.1.3.RELEASE/spring-boot-starter-actuator-2.1.3.RELEASE.jar:/Users/jiangshengping/wwwroot/rtzh/maven-repository/org/springframework/boot/spring-boot-actuator-autoconfigure/2.1.3.RELEASE/spring-boot-actuator-autoconfigure-2.1.3.RELEASE.jar:/Users/jiangshengping/wwwroot/rtzh/maven-repository/org/springframework/boot/spring-boot-actuator/2.1.3.RELEASE/spring-boot-actuator-2.1.3.RELEASE.jar:/Users/jiangshengping/wwwroot/rtzh/maven-repository/io/micrometer/micrometer-core/1.1.3/micrometer-core-1.1.3.jar:/Users/jiangshengping/wwwroot/rtzh/maven-repository/org/hdrhistogram/HdrHistogram/2.1.9/HdrHistogram-2.1.9.jar:/Users/jiangshengping/wwwroot/rtzh/maven-repository/org/latencyutils/LatencyUtils/2.0.3/LatencyUtils-2.0.3.jar:/Users/jiangshengping/wwwroot/rtzh/maven-repository/org/springframework/boot/spring-boot-starter-aop/2.1.3.RELEASE/spring-boot-starter-aop-2.1.3.RELEASE.jar:/Users/jiangshengping/wwwroot/rtzh/maven-repository/org/springframework/spring-aop/5.1.5.RELEASE/spring-aop-5.1.5.RELEASE.jar:/Users/jiangshengping/wwwroot/rtzh/maven-repository/org/aspectj/aspectjweaver/1.9.2/aspectjweaver-1.9.2.jar:/Users/jiangshengping/wwwroot/rtzh/maven-repository/org/springframework/boot/spring-boot-starter-test/2.1.3.RELEASE/spring-boot-starter-test-2.1.3.RELEASE.jar:/Users/jiangshengping/wwwroot/rtzh/maven-repository/org/springframework/boot/spring-boot-test/2.1.3.RELEASE/spring-boot-test-2.1.3.RELEASE.jar:/Users/jiangshengping/wwwroot/rtzh/maven-repository/org/springframework/boot/spring-boot-test-autoconfigure/2.1.3.RELEASE/spring-boot-test-autoconfigure-2.1.3.RELEASE.jar:/Users/jiangshengping/wwwroot/rtzh/maven-repository/com/jayway/jsonpath/json-path/2.4.0/json-path-2.4.0.jar:/Users/jiangshengping/wwwroot/rtzh/maven-repository/net/minidev/json-smart/2.3/json-smart-2.3.jar:/Users/jiangshengping/wwwroot/rtzh/maven-repository/net/minidev/accessors-smart/1.2/accessors-smart-1.2.jar:/Users/jiangshengping/wwwroot/rtzh/maven-repository/org/ow2/asm/asm/5.0.4/asm-5.0.4.jar:/Users/jiangshengping/wwwroot/rtzh/maven-repository/org/assertj/assertj-core/3.11.1/assertj-core-3.11.1.jar:/Users/jiangshengping/wwwroot/rtzh/maven-repository/org/mockito/mockito-core/2.23.4/mockito-core-2.23.4.jar:/Users/jiangshengping/wwwroot/rtzh/maven-repository/net/bytebuddy/byte-buddy/1.9.10/byte-buddy-1.9.10.jar:/Users/jiangshengping/wwwroot/rtzh/maven-repository/net/bytebuddy/byte-buddy-agent/1.9.10/byte-buddy-agent-1.9.10.jar:/Users/jiangshengping/wwwroot/rtzh/maven-repository/org/objenesis/objenesis/2.6/objenesis-2.6.jar:/Users/jiangshengping/wwwroot/rtzh/maven-repository/org/hamcrest/hamcrest-library/1.3/hamcrest-library-1.3.jar:/Users/jiangshengping/wwwroot/rtzh/maven-repository/org/skyscreamer/jsonassert/1.5.0/jsonassert-1.5.0.jar:/Users/jiangshengping/wwwroot/rtzh/maven-repository/com/vaadin/external/google/android-json/0.0.20131108.vaadin1/android-json-0.0.20131108.vaadin1.jar:/Users/jiangshengping/wwwroot/rtzh/maven-repository/org/springframework/spring-core/5.1.5.RELEASE/spring-core-5.1.5.RELEASE.jar:/Users/jiangshengping/wwwroot/rtzh/maven-repository/org/springframework/spring-jcl/5.1.5.RELEASE/spring-jcl-5.1.5.RELEASE.jar:/Users/jiangshengping/wwwroot/rtzh/maven-repository/org/springframework/spring-test/5.1.5.RELEASE/spring-test-5.1.5.RELEASE.jar:/Users/jiangshengping/wwwroot/rtzh/maven-repository/org/xmlunit/xmlunit-core/2.6.2/xmlunit-core-2.6.2.jar:/Users/jiangshengping/wwwroot/rtzh/maven-repository/com/github/pagehelper/pagehelper-spring-boot-starter/1.2.10/pagehelper-spring-boot-starter-1.2.10.jar:/Users/jiangshengping/wwwroot/rtzh/maven-repository/org/mybatis/spring/boot/mybatis-spring-boot-starter/1.3.2/mybatis-spring-boot-starter-1.3.2.jar:/Users/jiangshengping/wwwroot/rtzh/maven-repository/org/springframework/boot/spring-boot-starter-jdbc/2.1.3.RELEASE/spring-boot-starter-jdbc-2.1.3.RELEASE.jar:/Users/jiangshengping/wwwroot/rtzh/maven-repository/com/zaxxer/HikariCP/3.2.0/HikariCP-3.2.0.jar:/Users/jiangshengping/wwwroot/rtzh/maven-repository/org/springframework/spring-jdbc/5.1.5.RELEASE/spring-jdbc-5.1.5.RELEASE.jar:/Users/jiangshengping/wwwroot/rtzh/maven-repository/org/springframework/spring-tx/5.1.5.RELEASE/spring-tx-5.1.5.RELEASE.jar:/Users/jiangshengping/wwwroot/rtzh/maven-repository/org/mybatis/spring/boot/mybatis-spring-boot-autoconfigure/1.3.2/mybatis-spring-boot-autoconfigure-1.3.2.jar:/Users/jiangshengping/wwwroot/rtzh/maven-repository/org/mybatis/mybatis/3.4.6/mybatis-3.4.6.jar:/Users/jiangshengping/wwwroot/rtzh/maven-repository/org/mybatis/mybatis-spring/1.3.2/mybatis-spring-1.3.2.jar:/Users/jiangshengping/wwwroot/rtzh/maven-repository/com/github/pagehelper/pagehelper-spring-boot-autoconfigure/1.2.10/pagehelper-spring-boot-autoconfigure-1.2.10.jar:/Users/jiangshengping/wwwroot/rtzh/maven-repository/com/github/pagehelper/pagehelper/5.1.8/pagehelper-5.1.8.jar:/Users/jiangshengping/wwwroot/rtzh/maven-repository/com/github/jsqlparser/jsqlparser/1.2/jsqlparser-1.2.jar:/Users/jiangshengping/wwwroot/rtzh/maven-repository/com/alibaba/druid-spring-boot-starter/1.1.10/druid-spring-boot-starter-1.1.10.jar:/Users/jiangshengping/wwwroot/rtzh/maven-repository/com/alibaba/druid/1.1.10/druid-1.1.10.jar:/Users/jiangshengping/wwwroot/rtzh/maven-repository/org/slf4j/slf4j-api/1.7.25/slf4j-api-1.7.25.jar:/Users/jiangshengping/wwwroot/rtzh/maven-repository/org/springframework/boot/spring-boot-autoconfigure/2.1.3.RELEASE/spring-boot-autoconfigure-2.1.3.RELEASE.jar:/Users/jiangshengping/wwwroot/rtzh/maven-repository/org/springframework/boot/spring-boot-devtools/2.1.3.RELEASE/spring-boot-devtools-2.1.3.RELEASE.jar:/Users/jiangshengping/wwwroot/rtzh/maven-repository/org/springframework/boot/spring-boot/2.1.3.RELEASE/spring-boot-2.1.3.RELEASE.jar:"/>
    <property name="https.proxyPort" value="7890"/>
    <property name="java.vm.vendor" value="Oracle Corporation"/>
    <property name="sun.arch.data.model" value="64"/>
    <property name="java.vendor.url" value="http://java.oracle.com/"/>
    <property name="user.timezone" value=""/>
    <property name="java.vm.specification.version" value="1.8"/>
    <property name="os.name" value="Mac OS X"/>
    <property name="user.country" value="CN"/>
    <property name="sun.java.launcher" value="SUN_STANDARD"/>
    <property name="sun.boot.library.path" value="/Library/Java/JavaVirtualMachines/jdk1.8.0_231.jdk/Contents/Home/jre/lib"/>
    <property name="sun.java.command" value="/Users/jiangshengping/wwwroot/rtzh/wwwroot/HIS/HIS-master/HIS-demo/target/surefire/surefirebooter2361728653575895222.jar /Users/jiangshengping/wwwroot/rtzh/wwwroot/HIS/HIS-master/HIS-demo/target/surefire 2024-03-07T16-17-32_854-jvmRun1 surefire6149588452338289019tmp surefire_16583789794772678271tmp"/>
    <property name="http.nonProxyHosts" value="192.168.0.0/16|*.192.168.0.0/16|10.0.0.0/8|*.10.0.0.0/8|172.16.0.0/12|*.172.16.0.0/12|127.0.0.1|localhost|*.localhost|local|*.local|timestamp.apple.com|*.timestamp.apple.com"/>
    <property name="surefire.test.class.path" value="/Users/jiangshengping/wwwroot/rtzh/wwwroot/HIS/HIS-master/HIS-demo/target/test-classes:/Users/jiangshengping/wwwroot/rtzh/wwwroot/HIS/HIS-master/HIS-demo/target/classes:/Users/jiangshengping/wwwroot/rtzh/maven-repository/junit/junit/4.13.1/junit-4.13.1.jar:/Users/jiangshengping/wwwroot/rtzh/maven-repository/org/hamcrest/hamcrest-core/1.3/hamcrest-core-1.3.jar:/Users/jiangshengping/wwwroot/rtzh/maven-repository/org/springframework/boot/spring-boot-starter-web/2.1.3.RELEASE/spring-boot-starter-web-2.1.3.RELEASE.jar:/Users/jiangshengping/wwwroot/rtzh/maven-repository/org/springframework/boot/spring-boot-starter/2.1.3.RELEASE/spring-boot-starter-2.1.3.RELEASE.jar:/Users/jiangshengping/wwwroot/rtzh/maven-repository/org/springframework/boot/spring-boot-starter-logging/2.1.3.RELEASE/spring-boot-starter-logging-2.1.3.RELEASE.jar:/Users/jiangshengping/wwwroot/rtzh/maven-repository/ch/qos/logback/logback-classic/1.2.3/logback-classic-1.2.3.jar:/Users/jiangshengping/wwwroot/rtzh/maven-repository/ch/qos/logback/logback-core/1.2.3/logback-core-1.2.3.jar:/Users/jiangshengping/wwwroot/rtzh/maven-repository/org/apache/logging/log4j/log4j-to-slf4j/2.11.2/log4j-to-slf4j-2.11.2.jar:/Users/jiangshengping/wwwroot/rtzh/maven-repository/org/apache/logging/log4j/log4j-api/2.11.2/log4j-api-2.11.2.jar:/Users/jiangshengping/wwwroot/rtzh/maven-repository/org/slf4j/jul-to-slf4j/1.7.25/jul-to-slf4j-1.7.25.jar:/Users/jiangshengping/wwwroot/rtzh/maven-repository/javax/annotation/javax.annotation-api/1.3.2/javax.annotation-api-1.3.2.jar:/Users/jiangshengping/wwwroot/rtzh/maven-repository/org/yaml/snakeyaml/1.23/snakeyaml-1.23.jar:/Users/jiangshengping/wwwroot/rtzh/maven-repository/org/springframework/boot/spring-boot-starter-json/2.1.3.RELEASE/spring-boot-starter-json-2.1.3.RELEASE.jar:/Users/jiangshengping/wwwroot/rtzh/maven-repository/com/fasterxml/jackson/core/jackson-databind/2.9.8/jackson-databind-2.9.8.jar:/Users/jiangshengping/wwwroot/rtzh/maven-repository/com/fasterxml/jackson/core/jackson-annotations/2.9.0/jackson-annotations-2.9.0.jar:/Users/jiangshengping/wwwroot/rtzh/maven-repository/com/fasterxml/jackson/core/jackson-core/2.9.8/jackson-core-2.9.8.jar:/Users/jiangshengping/wwwroot/rtzh/maven-repository/com/fasterxml/jackson/datatype/jackson-datatype-jdk8/2.9.8/jackson-datatype-jdk8-2.9.8.jar:/Users/jiangshengping/wwwroot/rtzh/maven-repository/com/fasterxml/jackson/datatype/jackson-datatype-jsr310/2.9.8/jackson-datatype-jsr310-2.9.8.jar:/Users/jiangshengping/wwwroot/rtzh/maven-repository/com/fasterxml/jackson/module/jackson-module-parameter-names/2.9.8/jackson-module-parameter-names-2.9.8.jar:/Users/jiangshengping/wwwroot/rtzh/maven-repository/org/springframework/boot/spring-boot-starter-tomcat/2.1.3.RELEASE/spring-boot-starter-tomcat-2.1.3.RELEASE.jar:/Users/jiangshengping/wwwroot/rtzh/maven-repository/org/apache/tomcat/embed/tomcat-embed-core/9.0.16/tomcat-embed-core-9.0.16.jar:/Users/jiangshengping/wwwroot/rtzh/maven-repository/org/apache/tomcat/embed/tomcat-embed-el/9.0.16/tomcat-embed-el-9.0.16.jar:/Users/jiangshengping/wwwroot/rtzh/maven-repository/org/apache/tomcat/embed/tomcat-embed-websocket/9.0.16/tomcat-embed-websocket-9.0.16.jar:/Users/jiangshengping/wwwroot/rtzh/maven-repository/org/hibernate/validator/hibernate-validator/6.0.14.Final/hibernate-validator-6.0.14.Final.jar:/Users/jiangshengping/wwwroot/rtzh/maven-repository/javax/validation/validation-api/2.0.1.Final/validation-api-2.0.1.Final.jar:/Users/jiangshengping/wwwroot/rtzh/maven-repository/org/jboss/logging/jboss-logging/3.3.2.Final/jboss-logging-3.3.2.Final.jar:/Users/jiangshengping/wwwroot/rtzh/maven-repository/com/fasterxml/classmate/1.4.0/classmate-1.4.0.jar:/Users/jiangshengping/wwwroot/rtzh/maven-repository/org/springframework/spring-web/5.1.5.RELEASE/spring-web-5.1.5.RELEASE.jar:/Users/jiangshengping/wwwroot/rtzh/maven-repository/org/springframework/spring-beans/5.1.5.RELEASE/spring-beans-5.1.5.RELEASE.jar:/Users/jiangshengping/wwwroot/rtzh/maven-repository/org/springframework/spring-webmvc/5.1.5.RELEASE/spring-webmvc-5.1.5.RELEASE.jar:/Users/jiangshengping/wwwroot/rtzh/maven-repository/org/springframework/spring-context/5.1.5.RELEASE/spring-context-5.1.5.RELEASE.jar:/Users/jiangshengping/wwwroot/rtzh/maven-repository/org/springframework/spring-expression/5.1.5.RELEASE/spring-expression-5.1.5.RELEASE.jar:/Users/jiangshengping/wwwroot/rtzh/maven-repository/org/springframework/boot/spring-boot-starter-actuator/2.1.3.RELEASE/spring-boot-starter-actuator-2.1.3.RELEASE.jar:/Users/jiangshengping/wwwroot/rtzh/maven-repository/org/springframework/boot/spring-boot-actuator-autoconfigure/2.1.3.RELEASE/spring-boot-actuator-autoconfigure-2.1.3.RELEASE.jar:/Users/jiangshengping/wwwroot/rtzh/maven-repository/org/springframework/boot/spring-boot-actuator/2.1.3.RELEASE/spring-boot-actuator-2.1.3.RELEASE.jar:/Users/jiangshengping/wwwroot/rtzh/maven-repository/io/micrometer/micrometer-core/1.1.3/micrometer-core-1.1.3.jar:/Users/jiangshengping/wwwroot/rtzh/maven-repository/org/hdrhistogram/HdrHistogram/2.1.9/HdrHistogram-2.1.9.jar:/Users/jiangshengping/wwwroot/rtzh/maven-repository/org/latencyutils/LatencyUtils/2.0.3/LatencyUtils-2.0.3.jar:/Users/jiangshengping/wwwroot/rtzh/maven-repository/org/springframework/boot/spring-boot-starter-aop/2.1.3.RELEASE/spring-boot-starter-aop-2.1.3.RELEASE.jar:/Users/jiangshengping/wwwroot/rtzh/maven-repository/org/springframework/spring-aop/5.1.5.RELEASE/spring-aop-5.1.5.RELEASE.jar:/Users/jiangshengping/wwwroot/rtzh/maven-repository/org/aspectj/aspectjweaver/1.9.2/aspectjweaver-1.9.2.jar:/Users/jiangshengping/wwwroot/rtzh/maven-repository/org/springframework/boot/spring-boot-starter-test/2.1.3.RELEASE/spring-boot-starter-test-2.1.3.RELEASE.jar:/Users/jiangshengping/wwwroot/rtzh/maven-repository/org/springframework/boot/spring-boot-test/2.1.3.RELEASE/spring-boot-test-2.1.3.RELEASE.jar:/Users/jiangshengping/wwwroot/rtzh/maven-repository/org/springframework/boot/spring-boot-test-autoconfigure/2.1.3.RELEASE/spring-boot-test-autoconfigure-2.1.3.RELEASE.jar:/Users/jiangshengping/wwwroot/rtzh/maven-repository/com/jayway/jsonpath/json-path/2.4.0/json-path-2.4.0.jar:/Users/jiangshengping/wwwroot/rtzh/maven-repository/net/minidev/json-smart/2.3/json-smart-2.3.jar:/Users/jiangshengping/wwwroot/rtzh/maven-repository/net/minidev/accessors-smart/1.2/accessors-smart-1.2.jar:/Users/jiangshengping/wwwroot/rtzh/maven-repository/org/ow2/asm/asm/5.0.4/asm-5.0.4.jar:/Users/jiangshengping/wwwroot/rtzh/maven-repository/org/assertj/assertj-core/3.11.1/assertj-core-3.11.1.jar:/Users/jiangshengping/wwwroot/rtzh/maven-repository/org/mockito/mockito-core/2.23.4/mockito-core-2.23.4.jar:/Users/jiangshengping/wwwroot/rtzh/maven-repository/net/bytebuddy/byte-buddy/1.9.10/byte-buddy-1.9.10.jar:/Users/jiangshengping/wwwroot/rtzh/maven-repository/net/bytebuddy/byte-buddy-agent/1.9.10/byte-buddy-agent-1.9.10.jar:/Users/jiangshengping/wwwroot/rtzh/maven-repository/org/objenesis/objenesis/2.6/objenesis-2.6.jar:/Users/jiangshengping/wwwroot/rtzh/maven-repository/org/hamcrest/hamcrest-library/1.3/hamcrest-library-1.3.jar:/Users/jiangshengping/wwwroot/rtzh/maven-repository/org/skyscreamer/jsonassert/1.5.0/jsonassert-1.5.0.jar:/Users/jiangshengping/wwwroot/rtzh/maven-repository/com/vaadin/external/google/android-json/0.0.20131108.vaadin1/android-json-0.0.20131108.vaadin1.jar:/Users/jiangshengping/wwwroot/rtzh/maven-repository/org/springframework/spring-core/5.1.5.RELEASE/spring-core-5.1.5.RELEASE.jar:/Users/jiangshengping/wwwroot/rtzh/maven-repository/org/springframework/spring-jcl/5.1.5.RELEASE/spring-jcl-5.1.5.RELEASE.jar:/Users/jiangshengping/wwwroot/rtzh/maven-repository/org/springframework/spring-test/5.1.5.RELEASE/spring-test-5.1.5.RELEASE.jar:/Users/jiangshengping/wwwroot/rtzh/maven-repository/org/xmlunit/xmlunit-core/2.6.2/xmlunit-core-2.6.2.jar:/Users/jiangshengping/wwwroot/rtzh/maven-repository/com/github/pagehelper/pagehelper-spring-boot-starter/1.2.10/pagehelper-spring-boot-starter-1.2.10.jar:/Users/jiangshengping/wwwroot/rtzh/maven-repository/org/mybatis/spring/boot/mybatis-spring-boot-starter/1.3.2/mybatis-spring-boot-starter-1.3.2.jar:/Users/jiangshengping/wwwroot/rtzh/maven-repository/org/springframework/boot/spring-boot-starter-jdbc/2.1.3.RELEASE/spring-boot-starter-jdbc-2.1.3.RELEASE.jar:/Users/jiangshengping/wwwroot/rtzh/maven-repository/com/zaxxer/HikariCP/3.2.0/HikariCP-3.2.0.jar:/Users/jiangshengping/wwwroot/rtzh/maven-repository/org/springframework/spring-jdbc/5.1.5.RELEASE/spring-jdbc-5.1.5.RELEASE.jar:/Users/jiangshengping/wwwroot/rtzh/maven-repository/org/springframework/spring-tx/5.1.5.RELEASE/spring-tx-5.1.5.RELEASE.jar:/Users/jiangshengping/wwwroot/rtzh/maven-repository/org/mybatis/spring/boot/mybatis-spring-boot-autoconfigure/1.3.2/mybatis-spring-boot-autoconfigure-1.3.2.jar:/Users/jiangshengping/wwwroot/rtzh/maven-repository/org/mybatis/mybatis/3.4.6/mybatis-3.4.6.jar:/Users/jiangshengping/wwwroot/rtzh/maven-repository/org/mybatis/mybatis-spring/1.3.2/mybatis-spring-1.3.2.jar:/Users/jiangshengping/wwwroot/rtzh/maven-repository/com/github/pagehelper/pagehelper-spring-boot-autoconfigure/1.2.10/pagehelper-spring-boot-autoconfigure-1.2.10.jar:/Users/jiangshengping/wwwroot/rtzh/maven-repository/com/github/pagehelper/pagehelper/5.1.8/pagehelper-5.1.8.jar:/Users/jiangshengping/wwwroot/rtzh/maven-repository/com/github/jsqlparser/jsqlparser/1.2/jsqlparser-1.2.jar:/Users/jiangshengping/wwwroot/rtzh/maven-repository/com/alibaba/druid-spring-boot-starter/1.1.10/druid-spring-boot-starter-1.1.10.jar:/Users/jiangshengping/wwwroot/rtzh/maven-repository/com/alibaba/druid/1.1.10/druid-1.1.10.jar:/Users/jiangshengping/wwwroot/rtzh/maven-repository/org/slf4j/slf4j-api/1.7.25/slf4j-api-1.7.25.jar:/Users/jiangshengping/wwwroot/rtzh/maven-repository/org/springframework/boot/spring-boot-autoconfigure/2.1.3.RELEASE/spring-boot-autoconfigure-2.1.3.RELEASE.jar:/Users/jiangshengping/wwwroot/rtzh/maven-repository/org/springframework/boot/spring-boot-devtools/2.1.3.RELEASE/spring-boot-devtools-2.1.3.RELEASE.jar:/Users/jiangshengping/wwwroot/rtzh/maven-repository/org/springframework/boot/spring-boot/2.1.3.RELEASE/spring-boot-2.1.3.RELEASE.jar:"/>
    <property name="sun.cpu.endian" value="little"/>
    <property name="user.home" value="/Users/jiangshengping"/>
    <property name="user.language" value="zh"/>
    <property name="java.specification.vendor" value="Oracle Corporation"/>
    <property name="java.home" value="/Library/Java/JavaVirtualMachines/jdk1.8.0_231.jdk/Contents/Home/jre"/>
    <property name="basedir" value="/Users/jiangshengping/wwwroot/rtzh/wwwroot/HIS/HIS-master/HIS-demo"/>
    <property name="https.proxyHost" value="127.0.0.1"/>
    <property name="file.separator" value="/"/>
    <property name="line.separator" value="&#10;"/>
    <property name="java.vm.specification.vendor" value="Oracle Corporation"/>
    <property name="java.specification.name" value="Java Platform API Specification"/>
    <property name="java.awt.graphicsenv" value="sun.awt.CGraphicsEnvironment"/>
    <property name="surefire.real.class.path" value="/Users/jiangshengping/wwwroot/rtzh/wwwroot/HIS/HIS-master/HIS-demo/target/surefire/surefirebooter2361728653575895222.jar"/>
    <property name="sun.boot.class.path" value="/Library/Java/JavaVirtualMachines/jdk1.8.0_231.jdk/Contents/Home/jre/lib/resources.jar:/Library/Java/JavaVirtualMachines/jdk1.8.0_231.jdk/Contents/Home/jre/lib/rt.jar:/Library/Java/JavaVirtualMachines/jdk1.8.0_231.jdk/Contents/Home/jre/lib/sunrsasign.jar:/Library/Java/JavaVirtualMachines/jdk1.8.0_231.jdk/Contents/Home/jre/lib/jsse.jar:/Library/Java/JavaVirtualMachines/jdk1.8.0_231.jdk/Contents/Home/jre/lib/jce.jar:/Library/Java/JavaVirtualMachines/jdk1.8.0_231.jdk/Contents/Home/jre/lib/charsets.jar:/Library/Java/JavaVirtualMachines/jdk1.8.0_231.jdk/Contents/Home/jre/lib/jfr.jar:/Library/Java/JavaVirtualMachines/jdk1.8.0_231.jdk/Contents/Home/jre/classes"/>
    <property name="sun.management.compiler" value="HotSpot 64-Bit Tiered Compilers"/>
    <property name="ftp.nonProxyHosts" value="192.168.0.0/16|*.192.168.0.0/16|10.0.0.0/8|*.10.0.0.0/8|172.16.0.0/12|*.172.16.0.0/12|127.0.0.1|localhost|*.localhost|local|*.local|timestamp.apple.com|*.timestamp.apple.com"/>
    <property name="java.runtime.version" value="1.8.0_231-b11"/>
    <property name="user.name" value="jiangshengping"/>
    <property name="path.separator" value=":"/>
    <property name="os.version" value="10.16"/>
    <property name="java.endorsed.dirs" value="/Library/Java/JavaVirtualMachines/jdk1.8.0_231.jdk/Contents/Home/jre/lib/endorsed"/>
    <property name="java.runtime.name" value="Java(TM) SE Runtime Environment"/>
    <property name="file.encoding" value="US-ASCII"/>
    <property name="java.vm.name" value="Java HotSpot(TM) 64-Bit Server VM"/>
    <property name="localRepository" value="/Users/jiangshengping/wwwroot/rtzh/maven-repository"/>
    <property name="java.vendor.url.bug" value="http://bugreport.sun.com/bugreport/"/>
    <property name="java.io.tmpdir" value="/var/folders/7z/503qnvks3yx43gw49b033dv40000gn/T/"/>
    <property name="idea.version" value="2022.3.3"/>
    <property name="java.version" value="1.8.0_231"/>
    <property name="user.dir" value="/Users/jiangshengping/wwwroot/rtzh/wwwroot/HIS/HIS-master/HIS-demo"/>
    <property name="os.arch" value="x86_64"/>
    <property name="socksProxyPort" value="7891"/>
    <property name="java.vm.specification.name" value="Java Virtual Machine Specification"/>
    <property name="java.awt.printerjob" value="sun.lwawt.macosx.CPrinterJob"/>
    <property name="sun.os.patch.level" value="unknown"/>
    <property name="java.library.path" value="/Users/jiangshengping/Library/Java/Extensions:/Library/Java/Extensions:/Network/Library/Java/Extensions:/System/Library/Java/Extensions:/usr/lib/java:."/>
    <property name="java.vm.info" value="mixed mode"/>
    <property name="java.vendor" value="Oracle Corporation"/>
    <property name="java.vm.version" value="25.231-b11"/>
    <property name="java.ext.dirs" value="/Users/jiangshengping/Library/Java/Extensions:/Library/Java/JavaVirtualMachines/jdk1.8.0_231.jdk/Contents/Home/jre/lib/ext:/Library/Java/Extensions:/Network/Library/Java/Extensions:/System/Library/Java/Extensions:/usr/lib/java"/>
    <property name="sun.io.unicode.encoding" value="UnicodeBig"/>
    <property name="java.class.version" value="52.0"/>
    <property name="socksNonProxyHosts" value="192.168.0.0/16|*.192.168.0.0/16|10.0.0.0/8|*.10.0.0.0/8|172.16.0.0/12|*.172.16.0.0/12|127.0.0.1|localhost|*.localhost|local|*.local|timestamp.apple.com|*.timestamp.apple.com"/>
    <property name="http.proxyPort" value="7890"/>
  </properties>
  <testcase name="shouldAnswerWithTrue" classname="com.neu.his.bms.AppTest" time="0.003"/>
</testsuite>